<?xml version="1.0" encoding="UTF-8"?>
<!-- Generated by org.testng.reporters.JUnitReportReporter -->
<testsuite skipped="0" hostname="DESKTOP-M90OV1V" name="com.TestNG.Annotation" tests="6" failures="0" timestamp="2022-07-20T16:27:48 IST" time="5.997" errors="0">
  <testcase name="setProperty" time="0.000" classname="com.TestNG.Annotation"/>
  <system-out/>
  <testcase name="driverInitialize" time="2.481" classname="com.TestNG.Annotation"/>
  <system-out/>
  <testcase name="getUrl" time="2.886" classname="com.TestNG.Annotation"/>
  <system-out/>
  <testcase name="maximize" time="0.198" classname="com.TestNG.Annotation"/>
  <system-out/>
  <testcase name="search" time="0.369" classname="com.TestNG.Annotation"/>
  <system-out/>
  <testcase name="robot" time="0.063" classname="com.TestNG.Annotation"/>
  <system-out/>
</testsuite> <!-- com.TestNG.Annotation -->
