<?xml version="1.0" encoding="UTF-8"?>
<!-- Generated by org.testng.reporters.JUnitReportReporter -->
<testsuite skipped="0" hostname="DESKTOP-M90OV1V" name="com.TestNG.Demo" tests="1" failures="0" timestamp="2022-07-19T15:03:40 IST" time="0.009" errors="0">
  <testcase name="stdNam" time="0.009" classname="com.TestNG.Demo"/>
  <system-out/>
</testsuite> <!-- com.TestNG.Demo -->
